Arguments: 
  /usr/bin/node /usr/share/yarn/bin/yarn.js add vue-cli-plugin-webpack -D --tilde

PATH: 
  /home/hus/Desktop/currency-tracker/node_modules/.bin:/home/hus/Desktop/node_modules/.bin:/home/hus/node_modules/.bin:/home/node_modules/.bin:/node_modules/.bin:/usr/bin:/usr/local/sbin:/usr/local/bin:/usr/sbin:/usr/bin:/sbin:/bin:/snap/bin

Yarn version: 
  1.22.5

Node version: 
  12.19.0

Platform: 
  linux x64

Trace: 
  Error: https://registry.yarnpkg.com/vue-cli-plugin-webpack: Not found
      at Request.params.callback [as _callback] (/usr/share/yarn/lib/cli.js:66988:18)
      at Request.self.callback (/usr/share/yarn/lib/cli.js:140749:22)
      at Request.emit (events.js:314:20)
      at Request.<anonymous> (/usr/share/yarn/lib/cli.js:141721:10)
      at Request.emit (events.js:314:20)
      at IncomingMessage.<anonymous> (/usr/share/yarn/lib/cli.js:141643:12)
      at Object.onceWrapper (events.js:420:28)
      at IncomingMessage.emit (events.js:326:22)
      at endReadableNT (_stream_readable.js:1223:12)
      at processTicksAndRejections (internal/process/task_queues.js:84:21)

npm manifest: 
  No manifest

yarn manifest: 
  No manifest

Lockfile: 
  No lockfile
